#
# There is insufficient memory for the Java Runtime Environment to continue.
# Native memory allocation (mmap) failed to map 67108864 bytes for G1 virtual space
# Possible reasons:
#   The system is out of physical RAM or swap space
#   The process is running with CompressedOops enabled, and the Java Heap may be blocking the growth of the native heap
# Possible solutions:
#   Reduce memory load on the system
#   Increase physical memory or swap space
#   Check if swap backing store is full
#   Decrease Java heap size (-Xmx/-Xms)
#   Decrease number of Java threads
#   Decrease Java thread stack sizes (-Xss)
#   Set larger code cache with -XX:ReservedCodeCacheSize=
#   JVM is running with Unscaled Compressed Oops mode in which the Java heap is
#     placed in the first 4GB address space. The Java Heap base address is the
#     maximum limit for the native heap growth. Please use -XX:HeapBaseMinAddress
#     to set the Java Heap base and to place the Java Heap above 4GB virtual address.
# This output file may be truncated or incomplete.
#
#  Out of Memory Error (os_windows.cpp:3530), pid=10800, tid=21248
#
# JRE version:  (18.0+36) (build )
# Java VM: Java HotSpot(TM) 64-Bit Server VM (18+36-2087, mixed mode, sharing, tiered, compressed oops, compressed class ptrs, g1 gc, windows-amd64)
# No core dump will be written. Minidumps are not enabled by default on client versions of Windows
#

---------------  S U M M A R Y ------------

Command Line: -Dfile.encoding=UTF-8 -XX:+ShowCodeDetailsInExceptionMessages Quiz9613

Host: Intel(R) Core(TM) i3-6006U CPU @ 2.00GHz, 4 cores, 3G,  Windows 10 , 64 bit Build 19041 (10.0.19041.1706)
Time: Thu May 26 23:23:40 2022  Windows 10 , 64 bit Build 19041 (10.0.19041.1706) elapsed time: 0.097594 seconds (0d 0h 0m 0s)

---------------  T H R E A D  ---------------

Current thread (0x00000264d963d8f0):  JavaThread "Unknown thread" [_thread_in_vm, id=21248, stack(0x000000d2d9e00000,0x000000d2d9f00000)]

Stack: [0x000000d2d9e00000,0x000000d2d9f00000]
Native frames: (J=compiled Java code, j=interpreted, Vv=VM code, C=native code)
V  [jvm.dll+0x69804a]
V  [jvm.dll+0x7f308d]
V  [jvm.dll+0x7f499e]
V  [jvm.dll+0x7f5053]
V  [jvm.dll+0x25ca3f]
V  [jvm.dll+0x694f99]
V  [jvm.dll+0x689aca]
V  [jvm.dll+0x321efb]
V  [jvm.dll+0x3298d6]
V  [jvm.dll+0x37e47e]
V  [jvm.dll+0x37e6af]
V  [jvm.dll+0x2f9c7a]
V  [jvm.dll+0x2facdd]
V  [jvm.dll+0x7c1cc0]
V  [jvm.dll+0x38b801]
V  [jvm.dll+0x7a09d3]
V  [jvm.dll+0x40d6bf]
V  [jvm.dll+0x40f091]
C  [jli.dll+0x526b]
C  [ucrtbase.dll+0x21bb2]
C  [KERNEL32.DLL+0x17034]
C  [ntdll.dll+0x52651]


---------------  P R O C E S S  ---------------

Threads class SMR info:
_java_thread_list=0x00007ffd262de550, length=0, elements={
}

Java Threads: ( => current thread )

Other Threads:
  0x00000264d967e3b0 WorkerThread "GC Thread#0" [stack: 0x000000d2d9f00000,0x000000d2da000000] [id=27984]
  0x00000264d9687f80 ConcurrentGCThread "G1 Main Marker" [stack: 0x000000d2da000000,0x000000d2da100000] [id=27296]
  0x00000264d9689890 WorkerThread "G1 Conc#0" [stack: 0x000000d2da100000,0x000000d2da200000] [id=19948]

[error occurred during error reporting (printing all threads), id 0xc0000005, EXCEPTION_ACCESS_VIOLATION (0xc0000005) at pc=0x00007ffd25b0a217]

VM state: not at safepoint (not fully initialized)

VM Mutex/Monitor currently owned by a thread:  ([mutex/lock_event])
[0x00000264d96394b0] Heap_lock - owner thread: 0x00000264d963d8f0

Heap address: 0x00000000c1400000, size: 1004 MB, Compressed Oops mode: 32-bit

CDS archive(s) mapped at: [0x0000000000000000-0x0000000000000000-0x0000000000000000), size 0, SharedBaseAddress: 0x0000000800000000, ArchiveRelocationMode: 0.
Narrow klass base: 0x0000000000000000, Narrow klass shift: 0, Narrow klass range: 0x0

GC Precious Log:
 CardTable entry size: 512
 Card Set container configuration: InlinePtr #cards 5 size 8 Array Of Cards #cards 12 size 40 Howl #buckets 4 coarsen threshold 1843 Howl Bitmap #cards 512 size 80 coarsen threshold 460 Card regions per heap region 1 cards per card region 2048

Heap:
 garbage-first heap   total 0K, used 0K [0x00000000c1400000, 0x0000000100000000)
  region size 1024K, 0 young (0K), 0 survivors (0K)

[error occurred during error reporting (printing heap information), id 0xc0000005, EXCEPTION_ACCESS_VIOLATION (0xc0000005) at pc=0x00007ffd25ef0489]

GC Heap History (0 events):
No events

Deoptimization events (0 events):
No events

Classes loaded (0 events):
No events

Classes unloaded (0 events):
No events

Classes redefined (0 events):
No events

Internal exceptions (0 events):
No events

VM Operations (0 events):
No events

Events (1 events):
Event: 0.070 Loaded shared library C:\Program Files\Java\jdk-18\bin\java.dll


Dynamic libraries:
0x00007ff7fe300000 - 0x00007ff7fe310000 	C:\Program Files\Java\jdk-18\bin\javaw.exe
0x00007ffd76910000 - 0x00007ffd76b05000 	C:\WINDOWS\SYSTEM32\ntdll.dll
0x00007ffd74a30000 - 0x00007ffd74aed000 	C:\WINDOWS\System32\KERNEL32.DLL
0x00007ffd74400000 - 0x00007ffd746cd000 	C:\WINDOWS\System32\KERNELBASE.dll
0x00007ffd74860000 - 0x00007ffd74960000 	C:\WINDOWS\System32\ucrtbase.dll
0x00007ffd6dd20000 - 0x00007ffd6dd38000 	C:\Program Files\Java\jdk-18\bin\jli.dll
0x00007ffd75240000 - 0x00007ffd752ee000 	C:\WINDOWS\System32\ADVAPI32.dll
0x00007ffd75ed0000 - 0x00007ffd75f6e000 	C:\WINDOWS\System32\msvcrt.dll
0x00007ffd74e30000 - 0x00007ffd74ecc000 	C:\WINDOWS\System32\sechost.dll
0x00007ffd750b0000 - 0x00007ffd751d5000 	C:\WINDOWS\System32\RPCRT4.dll
0x00007ffd75470000 - 0x00007ffd75610000 	C:\WINDOWS\System32\USER32.dll
0x00007ffd743d0000 - 0x00007ffd743f2000 	C:\WINDOWS\System32\win32u.dll
0x00007ffd74af0000 - 0x00007ffd74b1a000 	C:\WINDOWS\System32\GDI32.dll
0x00007ffd741a0000 - 0x00007ffd742ab000 	C:\WINDOWS\System32\gdi32full.dll
0x00007ffd74020000 - 0x00007ffd740bd000 	C:\WINDOWS\System32\msvcp_win.dll
0x00007ffd6e150000 - 0x00007ffd6e16a000 	C:\Program Files\Java\jdk-18\bin\VCRUNTIME140.dll
0x00007ffd670a0000 - 0x00007ffd6733a000 	C:\WINDOWS\WinSxS\amd64_microsoft.windows.common-controls_6595b64144ccf1df_6.0.19041.1110_none_60b5254171f9507e\COMCTL32.dll
0x00007ffd6b530000 - 0x00007ffd6b53a000 	C:\WINDOWS\SYSTEM32\VERSION.dll
0x00007ffd75f70000 - 0x00007ffd75fa0000 	C:\WINDOWS\System32\IMM32.DLL
0x00007ffd6e4a0000 - 0x00007ffd6e4ac000 	C:\Program Files\Java\jdk-18\bin\vcruntime140_1.dll
0x00007ffd610e0000 - 0x00007ffd6116d000 	C:\Program Files\Java\jdk-18\bin\msvcp140.dll
0x00007ffd25800000 - 0x00007ffd26411000 	C:\Program Files\Java\jdk-18\bin\server\jvm.dll
0x00007ffd74b30000 - 0x00007ffd74b38000 	C:\WINDOWS\System32\PSAPI.DLL
0x00007ffd72770000 - 0x00007ffd72779000 	C:\WINDOWS\SYSTEM32\WSOCK32.dll
0x00007ffd75040000 - 0x00007ffd750ab000 	C:\WINDOWS\System32\WS2_32.dll
0x00007ffd67de0000 - 0x00007ffd67e07000 	C:\WINDOWS\SYSTEM32\WINMM.dll
0x00007ffd728f0000 - 0x00007ffd72902000 	C:\WINDOWS\SYSTEM32\kernel.appcore.dll
0x00007ffd6e3d0000 - 0x00007ffd6e3da000 	C:\Program Files\Java\jdk-18\bin\jimage.dll
0x00007ffd72580000 - 0x00007ffd72764000 	C:\WINDOWS\SYSTEM32\DBGHELP.DLL
0x00007ffd6c110000 - 0x00007ffd6c13c000 	C:\WINDOWS\SYSTEM32\dbgcore.DLL
0x00007ffd74110000 - 0x00007ffd74192000 	C:\WINDOWS\System32\bcryptPrimitives.dll
0x00007ffd6dcf0000 - 0x00007ffd6dd15000 	C:\Program Files\Java\jdk-18\bin\java.dll

dbghelp: loaded successfully - version: 4.0.5 - missing functions: none
symbol engine: initialized successfully - sym options: 0x614 - pdb path: .;C:\Program Files\Java\jdk-18\bin;C:\WINDOWS\SYSTEM32;C:\WINDOWS\WinSxS\amd64_microsoft.windows.common-controls_6595b64144ccf1df_6.0.19041.1110_none_60b5254171f9507e;C:\Program Files\Java\jdk-18\bin\server

VM Arguments:
jvm_args: -Dfile.encoding=UTF-8 -XX:+ShowCodeDetailsInExceptionMessages 
java_command: Quiz9613
java_class_path (initial): C:\Users\user\eclipse-workspace\quiz
Launcher Type: SUN_STANDARD

[Global flags]
     intx CICompilerCount                          = 3                                         {product} {ergonomic}
     uint ConcGCThreads                            = 1                                         {product} {ergonomic}
     uint G1ConcRefinementThreads                  = 4                                         {product} {ergonomic}
   size_t G1HeapRegionSize                         = 1048576                                   {product} {ergonomic}
    uintx GCDrainStackTargetSize                   = 64                                        {product} {ergonomic}
   size_t InitialHeapSize                          = 67108864                                  {product} {ergonomic}
   size_t MarkStackSize                            = 4194304                                   {product} {ergonomic}
   size_t MaxHeapSize                              = 1052770304                                {product} {ergonomic}
   size_t MinHeapDeltaBytes                        = 1048576                                   {product} {ergonomic}
   size_t MinHeapSize                              = 8388608                                   {product} {ergonomic}
    uintx NonNMethodCodeHeapSize                   = 5832780                                {pd product} {ergonomic}
    uintx NonProfiledCodeHeapSize                  = 122912730                              {pd product} {ergonomic}
    uintx ProfiledCodeHeapSize                     = 122912730                              {pd product} {ergonomic}
    uintx ReservedCodeCacheSize                    = 251658240                              {pd product} {ergonomic}
     bool SegmentedCodeCache                       = true                                      {product} {ergonomic}
     bool ShowCodeDetailsInExceptionMessages       = true                                   {manageable} {command line}
   size_t SoftMaxHeapSize                          = 1052770304                             {manageable} {ergonomic}
     bool UseCompressedClassPointers               = true                           {product lp64_product} {ergonomic}
     bool UseCompressedOops                        = true                           {product lp64_product} {ergonomic}
     bool UseG1GC                                  = true                                      {product} {ergonomic}
     bool UseLargePagesIndividualAllocation        = false                                  {pd product} {ergonomic}

Logging:
Log output configuration:
 #0: stdout all=warning uptime,level,tags foldmultilines=false
 #1: stderr all=off uptime,level,tags foldmultilines=false

Environment Variables:
PATH=C:\Program Files\Common Files\Oracle\Java\javapath;C:\Program Files (x86)\Intel\iCLS Client\;C:\Program Files (x86)\NAT Service;C:\Program Files\Intel\iCLS Client\;C:\WINDOWS\system32;C:\WINDOWS;C:\WINDOWS\System32\Wbem;C:\WINDOWS\System32\WindowsPowerShell\v1.0\;C:\Program Files\Intel\WiFi\bin\;C:\Program Files\Common Files\Intel\WirelessCommon\;C:\WINDOWS\System32\OpenSSH\;C:\Program Files (x86)\Intel\Intel(R) Management Engine Components\DAL;C:\Program Files\Intel\Intel(R) Management Engine Components\DAL;C:\Program Files (x86)\Intel\Intel(R) Management Engine Components\IPT;C:\Program Files\Intel\Intel(R) Management Engine Components\IPT;C:\Program Files\Git\cmd;C:\Users\user\AppData\Local\Programs\Python\Python310\Scripts\;C:\Users\user\AppData\Local\Programs\Python\Python310\;C:\Users\user\AppData\Local\Microsoft\WindowsApps;;C:\Users\user\AppData\Local\Programs\Microsoft VS Code\bin;C:\Program Files (x86)\ESTsoft\ALSee\x64
USERNAME=user
OS=Windows_NT
PROCESSOR_IDENTIFIER=Intel64 Family 6 Model 78 Stepping 3, GenuineIntel



---------------  S Y S T E M  ---------------

OS:
 Windows 10 , 64 bit Build 19041 (10.0.19041.1706)
OS uptime: 15 days 20:08 hours

CPU: total 4 (initial active 4) (2 cores per cpu, 2 threads per core) family 6 model 78 stepping 3 microcode 0xcc, cx8, cmov, fxsr, ht, mmx, 3dnowpref, sse, sse2, sse3, ssse3, sse4.1, sse4.2, popcnt, lzcnt, tsc, tscinvbit, avx, avx2, aes, erms, clmul, bmi1, bmi2, adx, fma, vzeroupper, clflush, clflushopt

Memory: 4k page, system-wide physical 4014M (261M free)
TotalPageFile size 16302M (AvailPageFile size 64M)
current process WorkingSet (physical memory assigned to process): 10M, peak: 10M
current process commit charge ("private bytes"): 51M, peak: 115M

vm_info: Java HotSpot(TM) 64-Bit Server VM (18+36-2087) for windows-amd64 JRE (18+36-2087), built on Feb 15 2022 09:43:11 by "mach5one" with MS VC++ 16.8 / 16.9 (VS2019)

END.
